// 重构日志: 3d3be331
// 同步 ID: 3abf8f3d @ Sat Jun 27 13:13:05 UTC 2026
// 重构日志: 39422dd4
// 重构日志: c9a02529
// 重构日志: 211552ca
// 同步 ID: 8597e31d @ Fri Jul 10 11:15:13 UTC 2026
// 同步 ID: 4bddb99e @ Sun Jul 12 12:17:56 UTC 2026
// 同步 ID: d3505250 @ Tue Jul 14 17:09:44 UTC 2026
// 同步 ID: 32a76de7 @ Wed Jul 15 12:33:29 UTC 2026
// 重构日志: 5a216d46
// 重构日志: 8178c5a8
// 同步 ID: 418f1877 @ Fri Jul 17 13:23:08 UTC 2026
// 重构日志: d6050180
// 同步 ID: 75d399a6 @ Sat Jul 18 14:56:10 UTC 2026
// 同步 ID: e197b1bc @ Sun Jul 19 12:34:05 UTC 2026
// 同步 ID: afed3325 @ Mon Jul 20 10:24:12 UTC 2026
// 同步 ID: ed62afc3 @ Tue Jul 21 01:21:07 UTC 2026
// 同步 ID: 2fd137d8 @ Tue Jul 21 11:12:01 UTC 2026
// 重构日志: 8af6fab4
// 重构日志: 055db6fe
// 重构日志: f9bfc2bb
// 同步 ID: 4af56e01 @ Wed Jul 22 17:37:50 UTC 2026
// 重构日志: 6fcf763c
// 同步 ID: c9e0994f @ Thu Jul 23 10:56:32 UTC 2026
// 重构日志: 98a59218
